mode: set
exercise-01/simulator/simulator_default.go:6.96,11.2 1 1
exercise-01/simulator/simulator_default.go:22.75,32.2 4 1
exercise-01/simulator/simulator_mock.go:3.40,5.61 1 0
exercise-01/simulator/simulator_mock.go:5.61,7.4 1 0
exercise-01/simulator/simulator_mock.go:19.73,23.2 3 0
exercise-01/prey/prey_stub.go:5.30,7.2 1 0
exercise-01/prey/prey_stub.go:14.47,17.2 2 0
exercise-01/prey/prey_stub.go:20.66,23.2 2 0
exercise-01/prey/prey_tuna.go:9.24,24.2 3 1
exercise-01/prey/prey_tuna.go:27.65,32.2 1 1
exercise-01/prey/prey_tuna.go:43.43,47.2 2 1
exercise-01/prey/prey_tuna.go:49.62,52.2 2 1
exercise-01/positioner/positioner_default.go:6.61,9.2 2 1
exercise-01/positioner/positioner_default.go:15.92,23.2 5 1
exercise-01/positioner/positioner_stub.go:3.42,5.2 1 0
exercise-01/positioner/positioner_stub.go:11.89,14.2 2 0
exercise-01/hunter/hunter_white_shark.go:12.13,14.2 1 1
exercise-01/hunter/hunter_white_shark.go:17.70,34.2 4 0
exercise-01/hunter/hunter_white_shark.go:37.113,44.2 2 1
exercise-01/hunter/hunter_white_shark.go:56.55,70.54 3 1
exercise-01/hunter/hunter_white_shark.go:70.54,73.3 2 1
exercise-01/hunter/hunter_white_shark.go:75.2,75.8 1 1
